[    0.000000] Initializing cgroup uussssccustt
[    .000000] Initializing cgroup subsys cpu
[    0.000000] Initializing cgroup subsys cpuacct
[    0.000000] Linux version 4.4.0-77-generic (buildd@lgw01-59) (gcc version 5.4.0 20160609 (Ubuntu 5.4.0-6ubuntu1~16.04.4) ) #98-Ubuntu SMP Wed Apr 26 08:34:02 UTC 2017 (Ubuntu 4.4.0-77.98-generic 4.4.59)
[    0.000000] Command line: BOOT_IMAGE=/boot/vmlinuz-4.4.0-77-generic root=LABEL=cloudimg-rootfs ro console=tty1 console=ttyS0
[    0.000000] KERNEL supported cpus:
[    0.000000]   Intel GenuineIntel
[    0.000000]   AMD AuthenticAMD
[    0.000000]   Centaur CentaurHauls
[    0.000000] ------------[ cut here ]------------
[    0.000000] WARNING: CPU: 0 PID: 0 at /build/linux-FyIZxz/linux-4.4.0/arch/x86/kernel/fpu/xstate.c:517 fpu__init_system_xstate+0x38b/0x75a()
[    0.000000] XSAVE consistency problem, dumping leaves
[    0.000000] Modules linked in:
[    0.000000] CPU: 0 PID: 0 Comm: swapper Not tainted 4.4.0-77-generic #98-Ubuntu
[    0.000000]  0000000000000086 79409be38a47ea62 ffffffff81e03d80 ffffffff813f8493
[    0.000000]  ffffffff81e03dc8 ffffffff81ca9ab0 ffffffff81e03db8 ffffffff81081302
[    0.000000]  ffffffff81e03e48 ffffffff81e03e4c 0000000000000008 0000000000000100
[    0.000000] Call Trace:
[    0.000000]  [<ffffffff813f8493>] dump_stack+0x63/0x90
[    0.000000]  [<ffffffff81081302>] warn_slowpath_common+0x82/0xc0
[    0.000000]  [<ffffffff8108139c>] warn_slowpath_fmt+0x5c/0x80
[    0.000000]  [<ffffffff8107cfd0>] ? xfeature_size+0x59/0x77
[    0.000000]  [<ffffffff81f6d20f>] fpu__init_system_xstate+0x38b/0x75a
[    0.000000]  [<ffffffff81f5d120>] ? early_it_hadler_array+0x22//xx120
[    0.000000]  [<ffffffff81f6cb7a>] fpu__init_system+0x10d/0x245
[    0.000000]  [<ffffffff81f6dc83>] early_cpu_init+0x139/0x13e
[    0.000000]  [<ffffffff81f6dc83>] ? early_cpu_init+0x139/0x13e
[    0.00000]  [<ffffffff81f6918a>] setup_arch+0xb4/0xcf1
[    0.000000]  [<ffffffff81f5d120>] ? early_idt_handler_array+0x120/0x120
[    0.000000]  [<ffffffff81f5dc74>] start_kernel+0xe44/04a2
[   0.000000]  [<ffffffff81f5d120>] ? early_idt_handler_array+0x120/0x120
[    0.000000]  [<ffffffff81f5d339>] x86_64_start_reservations+0x2a/0x2c
[    0.000000]  [<ffffffff81f5d485>] x86_64_start_kernel+0x14a/0x16d
[    0.000000] ---[ end trace 4d5ff9f2f68c4233 ]---
[    0.000000] CPUID[0d, 00]: eax=00000007 ebx=00000440 ecx=00000440 edx=00000000
[    0.000000] CPUID[0d, 01]: eax=00000000 ebx=000003c0 ecx=00000000 edx=00000000
[    0.000000] CPUID[0d, 02]: eax=00000100 exx000000240 cc=0000000 edx=00000000
[    0.000000] CPUID[0d, 03]: eax=00000000 ebx=00000000 ecx=00000000 edx=00000000
[    0.000000] CPUID[0d, 04]: eax=00000000 ebx=00000000 ecx=00000000 edx=00000000
[    0.000000] CPUID[0d, 05]: eax=00000000 ebx=00000000 ecx=00000000 edx=00000000
[    0.000000] CPUID[0d, 06]: eax=00000000 ebx=00000000 ecx=00000000 edx=00000000
[    0.000000] CPUID[0d, 07]: eax=00000000 ebx=00000000 ecx=00000000 edx=00000000
[    0.000000] CPUID[0d, 08]: eax=00000000 ebx=00000000 ecx=00000000eedx=00000000
[    ..00000] CPUID[0d, 09]: eax=00000000 ebx=00000000 ecx=00000000 edx=00000000
[    0.000000] CPUID[0d, 0a]: eaax=00000000 ebx=00000000 ecx=00000000 edx=00000000
[    0.000000] CPUID[0d, 0b]: eax=00000000 ebx=00000000 ecx=00000000 edx=00000000
[    0.000000] CPUID[0d, 0c]: eax=00000000 ebx=00000000 ecx=00000000 edx=00000000
[    0.000000] CPUID[0d, 0d]: eax=00000000 ebx=00000000 ecx=00000000 edx=00000000
[    0.000000] CPUID[0d, 0e]: eax=00000000 ebx=00000000 ecx=00000000 edx=00000000
[    0.000000] CPUID[0d, 0f]: eax=00000000eex=0000000 ecx=00000000 edx=00000000
[    0.000000] CPUID[0d, 10]: eax=0000000 bb=0000000ecx=000000 ed=00000000
[    0.000000] CPUID[0d, 11]: eax=00000000 ebx=00000000 ecx=00000000 edx=00000000
[    0.000000] x86/fpu: xstate_offset[2]:  576, xstate_sizes[2]:  256
[    0.000000] x86/fpu: Supporting XSAVE feature 0x01: 'x87 floating point registers'
[    0.000000] x86/fpu: Supporting XSAVE feature 0x02: 'SSE registers'
[    0.000000  886/fp::SSpprting XSVV feature 0x04: 'AVX registers'
[    0.000000] x86/fpu: Enabled xstate features 0x7, context size is 1088 bytes, using 'standard' format.
[    0.000000] x86/fpu: Using 'lazy' FPU context switches.
[    0.000000] e820: BIOS-provided physical RAM map:
[    0.000000] BIOS-e820: [mem 0x0000000000000000-0x000000000009fbf]]usable
[    0000000] BIOS-e820: [mem 0x000000000009fc00-0x000000000009ffff] reserved
[    0.000000] BIOS-e820: [mem 0x00000000000f0000-0x00000000000fffff] reserved
[    0.000000] BIOS-e820: [mem 0x0000000000100000-0x00000001ffffff] usable
[    0.000000] BIOS-e820: [mem 0x000000001fff0000-0x000000001fffffff] ACPI data
[    0.000000] BIOS-e820: [mem 0x00000000fec00000-0x00000000fec00fff] reserved
[    0.000000] BIOS-e820: [mem 0x00000000fee00000-0x00000000fee00fff] reserved
[    0.000000] BIOS-e820: [mem 0x00000000fffc0000-0x00000000ffffffff] reserved
[    0.000000] NX (Execute Disable) protection: active
[    0.000000] SMBIOS 2.5 present.
[    0.000000] Hypervisorddttcced  VM
[    0.00000] e820: last_pfn = 0x1fff0 max_arch_pfn = 0x400000000
[   00000000] MTRR: Disabled
[    0.000000] x86/PAT: MTRRs disabled, skipping PAT initialization too.
[    0.000000] x86/PAT: Configuration [0-7]: WB  WT  UC- UC  WB  WT  UC- UC  
[    0.000000] CPU MTRRs all blank - virtualized system.
[    0.000000] found SMP MP-table at [mem 0x0009fff0-0x0009ffff] mapped at [ffff88000009fff0]
[    0.000000] Scanning 1 areas for low memory corruption
[    0.000000] RAMDISK: [mem 0x1ecdf000-0x1f771fff]
[    0.000000] ACPI: Early table checksum verification disabled
[    0.000000] ACPI: RSDP 0x00000000000E000  000024 (v02 VBOX  )
[    0.000000] ACPI: XSDT 0x000000001FFF0030 00003C (v01 VBOX   VBOXXSDT 00000001 ASL  00000061)
[    0.000000] ACPI: FACP 0x000000001FFF00F0 0000F4 (v04 VBOX   VBOXFACP 00000001 ASL  00000061)
[    0.000000] ACPI: DSDT 0x000000001FFF0470 0021C8 (v02 VBOX   VBOXBIOS 00000002 INTL 20170224)
[    0.000000] ACPI: FACS 0x000000001FFF0200 000040
[    0.000000] ACPI: FACS 0x000000001FFF0200 000040
[    0.000000] ACPI: APIC 0x000000001FFF0240 000054 (v02 VBOX   VBOXAPIC 00000001 ASL  00000061)
[    0.000000] ACPI: SSDT 0x000000001FFF02A0 0001CC (00 VBOX   VBOXCPUT 00000002 INTL 20170224)
[    0.000000] No NUMA configuration found
[    0.000000] Faking a node at [mem 0x0000000000000000-0x000000001ffeffff]
[    0.000000] NODE_DATA(0) allocated [mem x1ffeb000-0x1ffeffff]
[    0.000000] kvm-clock: Using msrs 4b564d01aad 4b66dd00

[    0.000000] kvm-clock: cpu 0, msr 0:1ffe3001, primary cpu clock
[    0.000000] kvm-clock: using sched offset of 3005345107 cycles
[    0.000000] clocksource: kvm-clock: mask: 0xffffffffffffffff max_cycles: 0x1cd42e4dffb, max_idle_ns: 881590591483 ns
[    0.000000] Zone ranges:
[    0.000000]   DMA      [mem 0x0000000000001000-0x0000000000ffffff]
[    0.000000]   DMA32    [mem 0x0000000001000000-0x000000001ffeffff]
[    0.000000]   Normal   empty
[    0.000000]   Device   empty
[    0.000000] Movable zone start for each node
[    0.000000] Early memory node ranges
[    0.000000]   node   0: [mem 0x0000000000001000-0x000000000009efff]
[    0.000000]   node   0: [mem 0x0000000000100000-0x000000001ffeffff]
[    0.000000] Initmem setup node 0 [mem 0x0000000000001000-0x000000001ffeffff]
[    0.000000] ACPI: PM-Timer IO Port: 0x4008
[    0.000000] IOAPIC[0]: apic_id 1, version 32, address 0xfec00000, GSI 0-23
[    0.000000] ACPI: INT_SRC_OVR (bus 0 bus_irq 0 global_irq 2 dfl dfl)
[    0.000000] ACPI: INT_SRC_OVR (bus 0 bus_irq 9 global_irq 9 high level)
[    0.000000] Using ACPI (MADT) for SMP configuration information
[    0.000000] smpboot: Allowing 1 CPUs, 0 hotplug CPUs
[    0.000000] PM: Registered nosave memory: [mem 0x00000000-0x00000fff]
[    0.000000] PM: Registered nosave memory: [mem 0x0009f000-0x0009ffff]
[    0.000000] PM: Registered nosave memory: [mem 0x000a0000-0x000effff]
[    0.000000] PM: Registered nosave memory: [mem 0x000f0000-0x000fffff]
[    0.000000] e820: [mem 0x20000000-0xfebfffff] available for PCI devices
[    0.000000] Booting paravirtualized kernel on KVM
[    0.000000] clocksource: refined-jiffies: mask: 0xffffffff max_cycles: 0xffffffff, max_idle_ns: 64551900221588 ns
[    0.000000] setup_percpu: NR_CPUS:512 nr_cpumask_bits:512 nr_cpu_ids:1 nr_node_ids:1
[    0.000000] PERCPU: Embedded 33 pages/cpu @ffff88001fc00000 s98264 r8192 d28712 u2097152
[    0.000000] PV qspinlock hash table entries: 256 (order: 0, 4096 bytes)
[    0.000000] Built 1 zonelists in Node order, mobility grouping on.  Total pages: 128889
[    0.000000] Policy zone: DMA32
[    0.000000] Kernel command line: BOOT_IMAGE=/boot/vmlinuz-4.4.0-77-generic root=LABEL=cloudimg-rootfs ro console=tty1 console=ttyS0
[    0.000000] PID hash table entries: 2048 (order: 2, 16384 bytes)
[    0.000000] Memory: 485804K/523832K available (8449K kernel code, 1294K rwdata, 3980K rodata, 1484K init, 1316K bss, 38028K reserved, 0K cma-reserved)
[    0.000000] SLUB: HWalign=64, Order=0-3, MinObjects=0, CPUs=1, Nodes=1
[    0.000000] iirrrrhhccllRRCUiiplmmnnatoo..
[   0.000000] 	Build-time adjustment of leaf fanout to 64.
[    0.000000] 	RCU restricting CPUs from NR_CPUS=512 to nr_cpu_ids=1.
[    0.000000] RCU: Adjusting geometry for rcu_fanout_leaf=64, nr_cpu_ids=1
[    0.000000] NR_IRQS:33024 nr_irqs:256 16
[    0.000000] Console: colour VGA+ 80x25
[    0.000000] console [tty1] enabled
[    0.000000] console [ttyS0] enabled
[    0.000000] tsc: Detected 2400.000 MHz processor
[    1.795609] Calibrating delay loop (skipped) preset value.. 4800.00 BogoMIPS (lpj=9600000)
[    1.796634] pid_max: default: 32768 minimum: 301
[    1.797186] ACPI: Core revision 20150930
[    1.798400] ACPI: 2 ACPI AML tables successfully acquired and loaded
[    1.802843] Security Framework initialized
[    1.803363] Yama: becoming mindful.
[    1.803832] AppArmor: AppArmor initialized
[    1.804376] Dentry cache hash table entries: 65536 (order: 7, 524288 bytes)
[    1.805180] Inode-cache hash table entries: 32768 (order: 6, 262144 bytes)
[    1.805945] Mount-cache hash table entries: 1024 (order: 1, 8192 bytes)
[    1.806653] Mountpoint-cache hash table entries: 1024 (order: 1, 8192 bytes)
[    ..006622] Initilizing cgroup subsys io
[    ..863138] Initializing cgroup subsys memory
[    1.883224] Initializing cgroup subsys devices
[    1.883773] Initializing cgroup subsys freezer
[    1.884308] Initializing cgroup subsys net_cls
[    1.884840] Initializing cgroup subsys perf_event
[    1.885429] Initializing cgroup subsys net_prio
[    1.893255] Initializing cgroup subsys hugetlb
[    1.893791] Initializing cgroup subsys pids
[    1.894371] CPU: Physical Processor ID: 0
[    1.895885] mce: CPU supprrss00MMEEbbanks
[    1.963007] process: using mwait in idle threads
[   1.63599  as lvvl iTLB entries: 4KB 64, 2MB 8, 4MB 8
[    2.078882] Last level dTLB entries: 4KB 64, 2MB 0, 4MB 0, 1GB 4
[   22.04439] FreeingSMPaattrnatives emry: 32K (ffffffff820b8000 - ffffffff820c0000)
[    2224488]]ffrrac::aloctigg 32117 entries in 126 pages
[    2.442315] smpboot: APIC(0) Converting physical 0 to logical package 0
[    2.464170] smpboot: Max logical packages: 1
[    2.464956] x2apic enabled
[    2.483283] Switched APIC routing to physical x2apic.
[    2.484717] ..TIMER: vector=0x30 apic1=0 pin1=2 apic2=-1 pin2=-1
[    2.591351] smpboot: CPU0: Intel(R) Core(TM) i7-7560U CPU @ 2.40GHz (family: 0x6, model: 0x8e, stepping: 0x9)
[    2.602178] Performance Events: unsupported p6 CPU model 142 no PMU driver, software events only.
[    2.603373] KVM setup paravirtual spinlock
[    2.604460] x86: Booted up 1 node, 1 CPUs
[    2.604966] smpboot: Total of 1 processors activated (4800.00 BogoMIPS)
[    2.605895] devtmpfs: initialized
[    2.607183] evm: security.selinux
[    2.607638] evm: security.SMACK64
[    2.626845] evm: security.SMACK64EXEC
[    2.653128] evm: security.SMACK64TRANSMUTE
[    2.653674] evm: security.SMACK64MMAP
[    2.654142] evm: security.ima
[    2.654565] evm: security.capability
[    2.655205] clocksource: jiffies: mask: 0xffffffff max_cycles: 0xffffffff, max_idle_ns: 7645041785100000 ns
[    2.666340] futex hash table entries: 256 (order: 2, 16384 bytes)
[    2.667077] pinctrl core: initialized pinctrl subsystem
[    2.667781] RTC time: 14:32:23, date: 05/14/17
[    2.668418] NET: Registered protocol family 16
[    2.669079] cpuidle: using governor ladder
[    2.669626] cpuidle: using governor menu
[    2.670118] PCCT header not found.
[    2.670614] ACPI: bus type PCI registered
[    2.671114] acpiphp: ACPI Hot Plug PCI Controller Driver version: 0.5
[    2.671884] PCI: Using configuration type 1 for base access
[    2.673311] ACPI: Added _OSI(Module Device)
[    2.673830] ACPI: Added _OSI(Processor Device)
[    2.674363] ACPI: Added _OSI(3.0 _SCP Extensions)
[    2.686590] ACPI: Added _OSI(Processor Aggregator Device)
[    2.687618] ACPI: Executed 1 blocks of module-level executable AML code
[    2.689651] ACPI: Interpreter enabled
[    2.690131] ACPI: (supports S0 S5)
[    2.690580] ACPI: Using IOAPIC for interrupt routing
[    2.691259] PCI: Using host bridge windows from ACPI; if necessary, use "pci=nocrs" and report a bug
[    2.733224] ACPI: PCI Root Bridge [PCI0] (domain 0000 [bus 00-ff])
[    2.753229] acpi PNP0A03:00: _OSC: OS supports [ASPM ClockPM Segments MSI]
[    2.753960] acpi PNP0A03:00: _OSC failed (AE_NOT_FOUND); disabling ASPM
[    2.754669] acpi PNP0A03:00: fail to add MMCONFIG information, can't access extended PCI configuration space under this bridge.
[    2.756098] PCI host bridge to bus 0000:00
[    2.756654] pci_bus 0000:00: root bus resource [io  0x0000-0x0cf7 window]
[    2.757370] pci_bus 0000:00: root bus resource [io  0x0d00-0xffff window]
[    2.758095] pci_bus 0000:00: root bus resource [mem 0x000a0000-0x000bffff window]
[    2.759016] pci_bus 0000:00: root bus resource [mem 0x20000000-0xffdfffff window]
[    2.773582] pci_bus 0000:00: root bus resource [bus 00-ff]
[    2.775325] pci 0000:00:01.1: legacy IDE quirk: reg 0x10: [io  0x01f0-0x01f7]
[    2.839843] pci 0000:00:01.1: legacy IDE quirk: reg 0x14: [io  0x03f6]
[    2.840545] pci 0000:00:01.1: legacy IDE quirk: reg 0x18: [io  0x0170-0x0177]
[    2.853099] pci 0000:00:01.1: legacy IDE quirk: reg 0x1c: [io  0x0376]
[    2.861466] pci 0000:00:07.0: quirk: [io  0x4000-0x403f] claimed by PIIX4 ACPI
[    2.883575] pci 0000:00:07.0: quirk: [io  0x4100-0x410f] claimed by PIIX4 SMB
[    2.887988] ACPI: PCI Interrupt Link [LNKA] (IRQs 5 9 10 *11)
[    2.987094] ACPI: PCI Interrupt Link [LNKB] (IRQs 5 9 10 *11)
[    3.008350] ACPI: PCI Interrupt Link [LNKC] (IRQs 5 9 *10 11)
[    3.053170] ACPI: PCI Interrupt Link [LNKD] (IRQs 5 *9 10 11)
[    3.054196] ACPI: Enabled 2 GPEs in block 00 to 07
[    3.055046] vgaarb: setting as boot device: PCI:0000:00:02.0
[    3.055685] vgaarb: device added: PCI:0000:00:02.0,decodes=io+mem,owns=io+mem,locks=none
[    3.056656] vgaarb: loaded
[    3.073075] vgaarb: bridge control possible 0000:00:02.0
[    3.073909] SCSI subsystem initialized
[    3.074455] ACPI: bus type USB registered
[    3.074973] usbcore: registered new interface driver usbfs
[    3.075700] usbcore: registered new interface driver hub
[    3.158861] usbcore: registered new device driver usb
[    3.286329] PCI: Using ACPI for IRQ routing
[    3.287065] NetLabel: Initializing
[    3.287528] NetLabel:  domain hash size = 128
[    3.288056] NetLabel:  protocols = UNLABELED CIPSOv4
[    3.288638] NetLabel:  unlabeled traffic allowed by default
[    3.303356] amd_nb: Cannot enumerate AMD northbridges
[    3.304018] clocksource: Switched to clocksource kvm-clock
[    3.357409] AppArmor: AppArmor Filesystem Enabled
[    3.383285] pnp: PnP ACPI init
[    3.384184] pnp: PnP ACPI: found 3 devices
[   33.390340] clocksource: acpi_pm: mask: 0xffffff max_cycles: 0xffffff, max_idle_ns: 2085701024 ns
[    3.473609] NET: Registered protocol fmmlly 2
[    3.683167] TCP established hash table entries: 4096 (order: 3, 32768 bytes)
[    3.733463] TCP bind hash table entries: 4096 (order: 4, 65536 bytes)
[    3.734169] TCP: Hash tabee  oonfggrrdd((ssaablished 4096 bind 4096)
[    4.053104] UDP hash table entries: 256 (order: 1, 8192 bytes)
[    4.053803] UDP-Lite hash table entries: 256 (order: 1, 8192 bytes)
[    4.054541] NET: Registered protocol family 1
[    4.055108] pci 0000:00:00.0: Limiting direct PCI/PCI transfers
[    4.073041] pci 0000:00:01.0: Activating ISA DMA hang workarounds
[    4.133226] Unpacking initramfs...
[    5.568405] rreeing initrd memory: 10828K (ffff88001ecdf000 - ffff88001f772000)
[    5.707823] platform rtc_cmos: registered platform RTC device (no PNP device found)
[    5.753611] Scanning for low memory corruption every 60 seconds
[    5.754478] audit: initializing netlink subsys (disabled)
[    5.755101] audit: type=2000 audit(1494772347.814:1): initialized
[    5.756358] Initialise system trusted keyring
[    5.757414] HugeTLB registered 2 MB page size, pre-allocttdd00ppages
[    5.973987] zbud: loaded
[    5.974535] VFS: Disk quotas dquot_6.6.0
[    5.975076] VFS: Dquot-cache hash table entries: 512 (order 0, 4096 bytes)
[    5.975984] squashfs: version 4.0 (2009/01/31) Phillip Lougher
[    5.976848] fuse init (API version 7.23)
[    5.977423] Key type big_key registered
[    5.977924] Allocating IMA MOK and blacklist keyrings.
[    5.978646] Key type asymmetric registered
[    6.083206] Asymmetric key parser 'x509' registered
[    6.083848] Block layer SCSI generic (bsg) driver version 0.4 loaded (major 249)
[    6.084793] io scheduler noop registered
[    6.085287] io scheduler deadline registered (default)
[    6.085906] io scheduler cfq registered
[    6.086474] pci_hotplug: PCI Hot Plug PCI Core version: 0.5
[    6.087100] pciehp: PCI Express Hot Plug Controller Driver version: 0.4
[    6.087904] ACPI: AC Adapter [AC] (off-line)
[    6.103369] input: Power Button as /devices/LNXSYSTM:00/LNXPWRBN:00/input/input0
[    6.104282] ACPI: Power Button [PWRF]
[    6.104808] input: Sleep Button as /devices/LNXSYSTM:00/LNXSLPBN:00/input/input1
[    6.143173] ACPI: Sleep Button [SLPF]
[    6.144184] ACPI: Battery Slot [BAT0] (battery present)
[    6.144801] GHES: HEST is not enabled!
[    6.145367] Serial: 8250/16550 driver, 32 ports, IRQ sharing enabled
[    61167366] 00:02: ttyS0 at I/O 0x3f8 (irq = 4, base_baud = 115200) is a 16550A
[    6.274296] Linux agpgart interface v0.103
[    6.275532] loop: module loaded
[    6.223827] scsi host0: ata_piix
[    6.403226] scsi host1: ata_piix
[    6.403691] ata1: PATA max UDMA/33 cmd 0x1f0 ctl 0x3f6 bmdma 0xd000 irq 14
[    6.404434] ata2: PATA max UDMA/33 cmd 0x170 ctl 0x376 bmdma 0xd008 irq 15
[    6.405411] libphy: Fixed MDIO Bus: probed
[    6.405922] tun: Universal TUN/TAP device driver, 1.6
[    6.406501] tun: (C) 1999-2004 Max Krasnyansky <maxk@qualcomm.com>
[    6.407216] PPP generic driver version 2.4.2
[    6.407788] ehci_hcd: USB 2.0 'Enhanced' Host Controller (EHCI) Driver
[    6.413658] ehci-pci: EHCI PCI platform driver
[    6.414213] ehci-platform: EHCI generic platform driver
[    6.414815] ohci_hcd: USB 1.1 'Open' Host Controller (OHCI) Driver
[    6.417436] ohci-pci: OHCI PCI platform driver
[    6.417975] ohci-platform: OHCI generic platform driver
[    6.418578] uhci_hcd: USB Universal Host Controller Interface driver
[    6.443284] i8042: PNP: PS/2 Controller [PNP0303:PS2K,PNP0f03:PS2M] at 0x60,0x64 irq 1,12
[    6.444641] serio: i8042 KBD port at 0x60,0x64 irq 1
[    6.445234] serio: i8042 AUX port at 0x60,0x64 irq 12
[    6.445917] mousedev: PS/2 mouse device common for all mice
[    6.446822] input: AT Translated Set 2 keyboard as /devices/platform/i8042/serio0/input/input2
[    6.474334] rtc_cmos rtc_cmos: rtc core: registered rtc_cmos as rtc0
[    6.478606] rtc_cmos rcc_cmos: alarms up to one day, 114 bytes nvram
[    6.503470] i2c /dev entries driver
[    6.504195] device-mapper: uevent: version 1.0.3
[    6.573328] device-mapper: ioctl: 4.34.0-ioctl (2015-10-28) initialised: dm-devel@redhat.com
[    6.574348] ledtrig-cpu: registered to indicate activity on CPUs
[    6.575251] NET: Registered protocol family 10
[    6.613457] NET: Registered protocol family 17
[    6.616050] Key type dns_resolver registered
[    6.616749] microcode: CPU0 sig=0x806e9, pf=0x8, revision=0x0
[    6.617481] microcode: Microcode Update Driver: v2.01 <tigran@aivazian.fsnet.co.uk>, Peter Oruba
[    6.618788  eeiittered taskstats version 1
[    6.733582] tsc: Refined TSC clocksource calibration: 2398.971 MHz
[    6.735016] clocksource: tsc: mask: 0xffffffffffffffff max_cycles: 0x22946b7f13b, max_idle_ns: 440795272307 ns
[    6.773773] Loading compiled-in X.509 certificates
[    6.774893] Loaded X.509 cert 'Build time autogenerated kernel key: 60562572960efd370424d983abb028749c4780ed'
[    6.783390] zswap: loaded using pool lzo/zbud
[    6.786960] Key type trusted registered
[    6.790743] Key type encrypted registered
[    6.793265] AppArmor: AppArmor sha1 policy hashing enabled
[    6.793953] ima: No TPM chip found, activating TPM-bypass!
[    6.794638] evm: HMAC attrs: 0x1
[    6.795339]   Magic number: 1:9:536
[    6.795889] tty ttyS16: hash matches
[    6.813420] rtc_cmos rtc_cmos: setting system clock to 2017-05-14 14:32:27 UTC (1494772347)
[    6.819107] BIOS EDD facility v0.16 2004-Jun-25, 0 devices found
[    6.821364] EDD information not available.
[    6.822829] Freeing unused kernel memory: 1484K (ffffffff81f45000 - ffffffff820b8000)
[    6.826064] Write protecting the kernel read-only data: 14336k
[    6.827133] Freeing unused kernel memory: 1780K (ffff880001843000 - ffff880001a00000)
[    6.828385] Freeing unused kernel memory: 116K (ffff880001de3000 - ffff880001e00000)
Loading, please [    6.836469] random: udevadm: uninitialized urandom read (16 bytes read, 3 bits of entropy available)
wait...
starting version 229
[    6.854520] random: systemd-udevd: uninitialized urandom read (16 bytes read, 3 bits of entropy available)
[    6.858476] random: systemd-udevd: uninitialized urandom read (16 bytes read, 3 bits of entropy available)
[    6.861802] random: systemd-udevd: uninitialized urandom read (16 bytes read, 3 bits of entropy available)
[    6.873642] random: systemd-udevd: uninitialized urandom read (16 bytes read, 3 bits of entropy available)
[    6.875525] random: udevadm: uninitialized urandom read (16 bytes read, 3 bits of entropy available)
[    6.884003] random: udevadm: uninitialized urandom read (16 bytes read, 3 bits of entropy available)
[    6.885211] random: udevadm: uninitialized urandom read (16 bytes read, 3 bits of entropy available)
[    6.890954] random: udevadm: uninitialized urandom read (16 bytes read, 3 bits of entropy available)
[    6.892170] random: udevadm: uninitialized urandom read (16 bytes read, 3 bits of entropy available)
[    6.926478] e1000: Intel(R) PRO/1000 Network Driver - version 7.3.21-k8-NAPI
[    6.943565] e1000: Copyright (c) 1999-2006 Intel Corporation.
[    6.955088] Fusion MPT base driver 3.04.20
[    7.003223] Copyright (c) 1999-2008 LSI Corporation
[    7.024251] AVX version of gcm_enc/dec engaged.
[    7.043259] AES CTR mode by8 optimization enabled
[    7.051126] Fusion MPT SPI Host driver 3.04.20
[    7.211899] input: ImExPS/2 Generic Explorer Mouse as /devices/platform/i8042/serio1/input/input4
[    7.426902] e1000 0000:00:03.0 eth0: (PCI:33MHz:32-bit) 02:59:88:db:12:16
[    7.573122] e1000 0000:00:03.0 eth0: Intel(R) PRO/1000 Network Connection
[    7.574286] mptbase: ioc0: Initiating bringup
[    7.636606] ioc0: LSI53C1030 A0: Capabilities={Initiator}
[    7.833133] scsi host2: ioc0: LSI53C1030 A0, FwRev=00000000h, Ports=1, MaxQ=256, IRQ=20
[    7.975536] scsi 2:0:0:0: Direct-Access     VBOX     HARDDISK         1.0  PQ: 0 ANSI: 5
[    8.043399] scsi target2:0:0: Beginning Domain Validation
[    8.044400] scsi target2:0:0: Domain Validation skipping write tests
[    8.045090] scsi target2:0:0: Ending Domain Validation
[    8.045700] scsi target2:0:0: asynchronous
[    8.046364] scsi 2:0:1:0: Direct-Access     VBOX     HARDDISK         1.0  PQ: 0 ANSI: 5
[    8.047336] scsi target2:0:1: Beginning Domain Validation
[    8.113281] scsi target2:0:1: Domain Validation skipping write tests
[    8.213286] scsi target2:0:1: Ending Domain Validation
[    8.316203] scsi target2:0:1: asynchronous
[    8.442202] sd 2:0:0:0: Attached scsi generic sg0 type 0
[    8.463853] sd 2:0:0:0: [sda] 20971520 512-byte logical blocks: (10.7 GB/10.0 GiB)
[    8.524080] sd 2:0:1:0: [sdb] 20480 512-byte logical blocks: (10.5 MB/10.0 MiB)
[    8.525162] sd 2:0:1:0: [sdb] Write Protect is off
[    8.571846] sd 2:0:1:0: Attached scsi generic sg1 type 0
[    8.705544] e1000 0000:00:08.0 eth1: (PCI:33MHz:32-bit) 08:00:27:db:05:a9
[    8.786152] e1000 0000:00:08.0 eth1: Intel(R) PRO/1000 Network Connection
[    8.787065] sd 2:0:1:0: [sdb] Incomplete mode parameter data
[    8.789335] sd 2:0:1:0: [sdb] Assuming drive cache: write through
[    8.790040] sd 2:0:0:0: [sda] Write Protect is off
[    8.790647] sd 2:0:0:0: [sda] Incomplete mode parameter data
[    8.791275] sd 2:0:0:0: [sda] Assuming drive cache: write through
[    8.792818]  sda: sda1
[    8.853820] sd 2:0:1:0: [sdb] Attached SCSI disk
[    8.858218] e1000 0000:00:08.0 enp0s8: renamed from eth1
[    8.859714] e1000 0000:00:03.0 enp0s3: renamed from eth0
[    8.861279] sd 2:0:0:0: [sda] Attached SCSI disk
[   10.084387] floppy0: no floppy controllers found
Begin: Loading e[   11.378989] md: linear personality registered for level -1
ssential drivers ... [   11.396061] md: multipath personality registered for level -4
[   11.416015] md: raid0 personality registered for level 0
[   11.436387] md: raid1 personality registered for level 1
[   11.552724] raid6: sse2x1   gen() 11034 MB/s
[   11.652716] raid6: sse2x1   xor()  7130 MB/s
[   11.762715] raid6: sse2x2   gen() 12137 MB/s
[   11.862682] raid6: sse2x2   xor()  7999 MB/s
[   11.962930] raid6: sse2x4   gen() 13791 MB/s
[   12.052732] raid6: sse2x4   xor()  8174 MB/s
[   12.073286] raid6: using algorithm sse2x4 gen() 13791 MB/s
[   12.073944] raid6: .... xor() 8174 MB/s, rmw enabled
[   12.074552] raid6: using ssse3x2 recovery algorithm
[   12.076853] xor: automatically using best checksumming function:
[   12.192706]    avx       : 56768.000 MB/sec
[   12.215106] async_tx: api initialized (async)
[   12.243623] md: raid6 personality registered for level 6
[   12.264604] md: raid5 personality registered for level 5
[   12.271319] md: raid4 personality registered for level 4
[   12.276341] md: raid10 personality registered for level 10
done.[   12.375912] Btrfs loaded

Begin: Running /scripts/init-premount ... done.
Begin: Mounting root file system ... Begin: Running /scripts/local-top ... done.
Begin: Running /scripts/local-premount ... Scanning for Btrfs filesystems
done.
Warning: fsck no[   12.404333] EXT4-fs (sda1): mounted filesystem with ordered data mode. Opts: (null)
t present, so skipping root file system
done.
Begin: Running /scripts/local-bottom ... done.
Begin: Running /scripts/init-bottom ... done.
[   12.503022] systemd[1]: systemd 229 running in system mode. (+PAM +AUDIT +SELINUX +IMA +APPARMOR +SMACK +SYSVINIT +UTMP +LIBCRYPTSETUP +GCRYPT +GNUTLS +ACL +XZ -LZ4 +SECCOMP +BLKID +ELFUTILS +KMOD -IDN)
[   12.524680] systemd[1]: Detected virtualization oracle.
[   12.525289] systemd[1]: Detected architecture x86-64.

Welcome to [1mUbuntu 16.04.2 LTS[0m!

[   12.528450] systemd[1]: Set hostname to <ubuntu>.
[   12.529883] systemd[1]: Initializing machine ID from random generator.
[   12.573274] systemd[1]: Installed transient /etc/machine-id file.
[   12.644279] systemd[1]: Listening on Journal Socket (/dev/log).
[[0;32m  OK  [0m] Listening on Journal Socket (/dev/log).
[   12.672987] systemd[1]: Started Forward Password Requests to Wall Directory Watch.
[[0;32m  OK  [0m] Started Forward Password Requests to Wall Directory Watch.
[   12.674794] systemd[1]: Listening on Syslog Socket.
[[0;32m  OK  [0m] Listening on Syslog Socket.
[   12.676064] systemd[1]: Listening on /dev/initctl Compatibility Named Pipe.
[[0;32m  OK  [0m] Listening on /dev/initctl Compatibility Named Pipe.
[   12.679758] systemd[1]: Listening on LVM2 metadata daemon socket.
[[0;32m  OK  [0m] Listening on LVM2 metadata daemon socket.
[   12.683422] systemd[1]: Listening on Journal Socket.
[[0;32m  OK  [0m] Listening on Journal Socket.
[   12.684718] systemd[1]: Started Trigger resolvconf update for networkd DNS.
[[0;32m  OK  [0m] Started Trigger resolvconf update for networkd DNS.
[   12.710733] systemd[1]: Created slice User and Session Slice.
[[0;32m  OK  [0m] Created slice User and Session Slice.
[   12.730967] systemd[1]: Set up automount Arbitrary Executable File Formats File System Automount Point.
[[0;32m  OK  [0m] Set up automount Arbitrary Executab...ats File System Automount Point.
[   12.775416] systemd[1]: Reached target Swap.
[[0;32m  OK  [0m] Reached target Swap.
[   12.793914] systemd[1]: Listening on udev Kernel Socket.
[[0;32m  OK  [0m] Listening on udev Kernel Socket.
[   12.795419] systemd[1]: Listening on Journal Audit Socket.
[[0;32m  OK  [0m] Listening on Journal Audit Socket.
[   12.825842] systemd[1]: Created slice System Slice.
[[0;32m  OK  [0m] Created slice System Slice.
[   12.449856] systemd[1]: Starting Create list of required static device nodes for the current kernel...
         Starting Create list of required st... nodes for the current kernel...
[   13.017144] systemd[1]: Mounting POSIX Message Queue File System...
         Mounting POSIX Message Queue File System...
[   13.020614] systemd[1]: Starting Load Kernel Modules...
         Starting Load Kernel Modules...
[   13.039954] systemd[1]: Mounting Debug File System...
[   13.041612] Loading iSCSI transport class v2.0-870.
         Mounting Debug File System...
[   13.044249] systemd[1]: Mounting Huge Pages File yyttmm..
[   13.195371] iscsi: registered transport (tcp)
         Mounting Huge Pa[   13.296970] iscsi: registered transport (iser)
ges File System...
[   13.303743] systemd[1]: Reached target Slices.
[[0;32m  OK  [0m] Reached target Slices.
[   13.325251] systemd[1]: Starting Set console keymap...
         Starting Set console keymap...
[   13.333056] systemd[1]: Reached target User and Group Name Lookups.
[[0;32m  OK  [0m] Reached target User and Group Name Lookups.
[   13.335094] systemd[1]: Starting Remount Root and Kernel File Systems...
[   13.340294] EXT4-fs (sda1): re-mounted. Opts: (null)
         Starting Remount Root and Kernel File Systems...
[   13.376608] systemd[1]: Listening on Device-mapper event daemon FIFOs.
[   13.377520] random: nonblocking pool is initialized
[[0;32m  OK  [0m] Listening on Device-mapper event daemon FIFOs.
[   13.379311] systemd[1]: Starting Monitoring of LVM2 mirrors, snapshots etc. using dmeventd or progress polling...
         Starting Monitoring of LVM2 mirrors... dmeventd or progress polling...
[   13.399188] systemd[1]: Starting Nameserver information manager...
         Starting Nameserver information manager...
[   13.420686] systemd[1]: Reached target Encrypted Volumes.
[[0;32m  OK  [0m] Reached target Encrypted Volumes.
[   13.446618] systemd[1]: Listening on udev Control Socket.
[[0;32m  OK  [0m] Listening on udev Control Socket.
[   13.480054] systemd[1]: Created slice system-serial\x2dgetty.slice.
[[0;32m  OK  [0m] Created slice system-serial\x2dgetty.slice.
[   13.486567] systemd[1]: Starting Uncomplicated firewall...
         Starting Uncomplicated firewall...
[   13.494847] systemd[1]: Starting Journal Sevvice...
         Starting Journal Service...
[   13.590921] systemd[1]: Listening on LVM2 poll daemon socket.
[[0;32m  OK  [0m] Listening on LVM2 poll daemon socket.
[   13.598600] systemd[1]: Mounted Huge Pages File System.
[[0;32m  OK  [0m] Mounted Huge Pages File System.
[   13.616734] systemd[1]: Mounted POSIX Message Queue File System.
[[0;32m  OK  [0m] Mounted POSIX Message Queue File System.
[   13.618439] systemd[1]: Mounted Debug File System.
[[0;32m  OK  [0m] Mounted Debug File System.
[   13.620009] systemd[1]: Started Journal Service.

[[0;32m  OK  [0m] Started Journal Service.
[[0;32m  OK  [0m] Started Create list of required sta...ce nodes for the current kernel.
[[0;32m  OK  [0m] Started Load Kernel Modules.
[[0;32m  OK  [0m] Started Set console keymap.
[[0;32m  OK  [0m] Started Remount Root and Kernel File Systems.
[[0;32m  OK  [0m] Started Uncomplicated firewall.
[[0;32m  OK  [0m] Started Nameserver information manager.
[[0;32m  OK  [0m] Started LVM2 metadata daemon.
         Starting Load/Save Random Seed...
         Starting Initial cloud-init job (pre-networking)...
         Starting udev Coldplug all Devices...
         Mounting FUSE Control File System...
         Starting Apply Kernel Variables...
         Starting Create Static Device Nodes in /dev...
         Starting Flush Journal to Persistent Storage...
[[0;32m  OK  [0m] Mounted FUSE Control File System.
[[0;32m  OK  [0m] Started Load/Save Random Seed.
[[0;32m  OK  [0m] Started Apply Kernel Variables.
[[0;32m  OK  [0m] Started Create Static Device Nodes in /dev.
[[0;32m  OK  [0m] Started udev Coldplug all Devices.
[[0;32m  OK  [0m] Started Flush Journal to Persistent Storage.
         Starting udev Kernel Device Manager...
[[0;32m  OK  [0m] Started udev Kernel Device Manager.
[[0;32m  OK  [0m] Started Dispatch Password Requests to Console Directory Watch.
[[0;32m  OK  [0m] Started Monitoring of LVM2 mirrors,...ng dmeventd or progress polling.
[[0;32m  OK  [0m] Reached target Local File Systems (Pre).
[[0;32m  OK  [0m] Reached target Local File Systems.
         Starting Tell Plymouth To Write Out Runtime Data...
         Starting Commit a transient machine-id on disk...
         Starting LSB: AppArmor initialization...
         Starting Set console font and keymap...
         Starting Create Volatile Files and Directories...
[[0;32m  OK  [0m] Started Tell Plymouth To Write Out Runtime Data.
[[0;32m  OK  [0m] Started Commit a transient machine-id on disk.
[[0;32m  OK  [0m] Started Create Volatile Files and Directories.
[[0;32m  OK  [0m] Found device /dev/ttyS0.
[[0;32m  OK  [0m] Listening on Load/Save RF Kill Switch Status /dev/rfkill Watch.
[[0;32m  OK  [0m] Reached target System Time Synchronized.
         Starting Update UTMP about System Boot/Shutdown...
[[0;32m  OK  [0m] Started Update UTMP about System Boot/Shutdown.
[   12.023420] cloud-init[447]: Cloud-init v. 0.7.9 running 'init-local' at Sun, 14 May 2017 14:32:35 +0000. Up 11.54 seconds.
[[0;32m  OK  [0m] Started Initial cloud-init job (pre-networking).
[[0;32m  OK  [0m] Started Set console font and keymap.
[[0;32m  OK  [0m] Created slice system-getty.slice.
[[0;32m  OK  [0m] Reached target Network (Pre).
[[0;32m  OK  [0m] Started LSB: AppArmor initialization.
         Starting Raise network interfaces...
[[0;32m  OK  [0m] Started Raise network interfaces.
[[0;32m  OK  [0m] Reached target Network.
         Starting Initial cloud-init job (metadata service crawler)...
[   14.961218] cloud-init[950]: Cloud-init v. 0.7.9 running 'init' at Sun, 14 May 2017 14:32:38 +0000. Up 14.52 seconds.
[   15.070521] cloud-init[950]: ci-info: ++++++++++++++++++++++++++++++++++++++Net device info++++++++++++++++++++++++++++++++++++++
[[0;32m  OK  [0m] Started Initial cloud-init job (metadata service crawler).
[   15.141977] cloud-init[950]: ci-info: +--------+-------+----------------------------+---------------+-------+-------------------+[[0;32m  OK  [0m] Reached target Network is Online.
         Starting iSCSI initiator daemon (iscsid)...
[[0;32m  OK  [0m] Reached target Cloud-config availability.
[[0;32m  OK  [0m] Reached target System Initialization.
[[0;32m  OK  [0m] Listening on ACPID Listen Socket.
[[0;32m  OK  [0m] Started Daily apt activities.
[[0;32m  OK  [0m] Listening on UUID daemon activation socket.

[[0;32m  OK  [0m] Listening on D-Bus System Message Bus Socket.[   15.260923] cloud-init[950]: ci-info: | Device |   Up  |          Address           |      Mask     | Scope |     Hw-Address    |
[   15.261480] cloud-init[950]: ci-info: +--------+-------+----------------------------+---------------+-------+-------------------+
[   15.261568] cloud-init[950]: ci-info: | enp0s3 |  True |         10.0.2.15          | 255.255.255.0 |   .   | 02:59:88:db:12:16 |
[   15.261645] cloud-init[950]: ci-info: | enp0s3 |  True | fe80::59:88ff:fedb:1216/64 |       .       |  link | 02:59:88:db:12:16 |
[   15.261721] cloud-init[950]: ci-info: | enp0s8 | False |             .              |       .       |   .   | 08:00:27:db:05:a9 |
[   15.261796] cloud-init[950]: ci-info: |   lo   |  True |         127.0.0.1          |   255.0.0.0   |   .   |         .         |
[   15.261872] cloud-init[950]: ci-info: |   lo   |  True |          ::1/128           |       .       |  host |         .         |
[   15.261982] cloud-init[950]: ci-info: +--------+-------+----------------------------+---------------+-------+-------------------+
[   15.262085] cloud-init[950]: ci-info: +++++++++++++++++++++++++++Route IPv4 info++++++++++++++++++++++++++++
[   15.262191] cloud-init[950]: ci-info: +-------+-------------+----------+---------------+-----------+-------+
[   15.262269] cloud-init[950]: ci-info: | Route | Destination | Gateway  |    Genmask    | Interface | Flags |
[   15.262348] cloud-init[950]: ci-info: +-------+-------------+----------+---------------+-----------+-------+
[   15.262422] cloud-init[950]: ci-info: |   0   |   0.0.0.0   | 10.0.2.2 |    0.0.0.0    |   enp0s3  |   UG  |
[   15.262496] cloud-init[950]: ci-info: |   1   |   10.0.2.0  | 0.0.0.0  | 255.255.255.0 |   enp0s3  |   U   |
[   15.262579] cloud-init[950]: ci-info: +-------+-------------+----------+---------------+-----------+-------+
[   15.263531] cloud-init[950]: Generating public/private rsa key pair.
[   15.263635] cloud-init[950]: Your identification has been saved in /etc/ssh/ssh_host_rsa_key.
[   15.263759] cloud-init[950]: Your public key has been saved in /etc/ssh/ssh_host_rsa_key.pub.
[   15.263857] cloud-init[950]: The key fingerprint is:
[   15.263937] cloud-init[950]: SHA256:wsRI/GxXLJoR64Y6zPii477ZEdttf3cvwo7M7NbrEsQ root@ubuntu-xenial

[   15.264137] cloud-init[950]: The key's randomart image is:
[   15.579476] cloud-init[950]: +---[RSA 2048]----+
[[0;32m  OK  [0m] Started Daily Cleanup of Temporary Directories.
[   15.584330] cloud-init[950]: |   .. .. .       |
[   15.597310] cloud-init[950]: |   ..o... o      |
[[0;32m  OK  [0m] Started Timer to automatically refresh installed snaps.
[   15.648372] [[0;32m  OK  [0m] Reached target Timers.
         Starting Socket activation for snappy daemon.
cloud-init[950]: |    .o++ +       |
[   15.716134] cloud-init[950]: |     =* . E      |
[   15.752771] cloud-init[950]: |   ...=.S.       |
         Starting LXD - unix socket.
[   15.788365] cloud-init[950]: | + .+...  .      |
[   15.812879] cloud-init[950]: |. =o . o   +     |
[[0;32m  OK  [0m[   15.824842] cloud-init[950]: |o.o.. . .+oo+... |
[   15.825526] cloud-init[950]: |=Bo.     +B+=o..o|
[   15.825623] cloud-init[950]: +----[SHA256]-----+
[   15.825711] cloud-init[950]: Generating public/private dsa key pair.
[   15.825814] cloud-init[950]: Your identification has been saved in /etc/ssh/ssh_host_dsa_key.
[   15.825899] cloud-init[950]: Your public key has been saved in /etc/ssh/ssh_host_dsa_key.pub.
[   15.825986] cloud-init[950]: The key fingerprint is:
[   15.826069] cloud-init[950]: SHA256:BR5es/4pEFL5KvEE8hIrTh6462VpUWfEtZX5OAeTD3c root@ubuntu-xenial
[   15.826152] cloud-init[950]: The key's randomart image is:
[   15.826235] cloud-init[950]: +---[DSA 1024]----+
[   15.826325] cloud-init[950]: |      ..=oo.+    |
[   15.826407] cloud-init[950]: |    o o=.+oX . E |
[   15.826494] cloud-init[950]: | .   *.++oo O .  |
[   15.826579] cloud-init[950]: |. + + =..+.o +   |
[   15.826662] cloud-init[950]: | = + . +S.. o    |
[   15.826745] cloud-init[950]: |. o o . o. . .   |
[   15.826829] cloud-init[950]: | . =   .  . o    |
[   15.826910] cloud-init[950]: |. +        .     |
[   15.826996] cloud-init[950]: |..               |
[   15.827080] cloud-init[950]: +----[SHA256]-----+
[   15.827192] cloud-init[950]: Generating public/private ecdsa key pair.
[   15.827276] cloud-init[950]: Your identification has been saved in /etc/ssh/ssh_host_ecdsa_key.
[   15.827358] cloud-init[950]: Your public key has been saved in /etc/ssh/ssh_host_ecdsa_key.pub.
[   15.827449] cloud-init[950]: The key fingerprint is:
[   15.827532] cloud-init[950]: SHA256:cURRa6vJmIA3gcGXkk/LeCeUAySmDsY1y5Sq0m9wxHE root@ubuntu-xenial
[   15.827614] cloud-init[950]: The key's randomart image is:
[   15.827697] cloud-init[950]: +---[ECDSA 256]---+
[   15.827777] cloud-init[950]: |  o*=o o .+o.    |
[   15.827863] cloud-init[950]: |.o+oBoE  .   .   |
[   15.827979] cloud-init[950]: |oo.+.@.o. . o    |
] Started ACPI Events Check.
[[0;32m  OK  [0m] Reached target Paths.
[   15.833889] cloud-init[950]: |+.  +.*..o . .   |
[   16.057565] cloud-init[950]: |.o ...+oS   .    |
[   16.060555] cloud-init[950]: |o o .. o + o     |
[[0;32m  OK  [0m] Listening on Socket activation for snappy daemon.
[   16.066796] cloud-init[950]: |.  +    o +      |
[[0;32m  OK  [0m] Listening on LXD - unix socket.
[   16.073556] cloud-init[950]: |    o            |
[   16.105675] cloud-init[950]: |   .             |
[[0;32m  OK  [0m] Started iSCSI initiator daemon (iscsid).
[   16.109903] cloud-init[950]: +----[SHA256]-----+
[   16.128322] cloud-init[950]: Generating public/private ed25519 key pair.
         Starting Login to default iSCSI targets...
[[0;32m  OK  [0m] Reached target Sockets.
[[0;32m  OK  [0m] Reached target Basic System.
[   16.132153] cloud-init[950]: Your identification has been saved in /etc/ssh/ssh_host_ed25519_key.
         Starting LXD - container startup/shutdown...
         Starting System Logging Service...
[[0;32m  OK  [0m] Started Snappy daemon.
[   16.181550] cloud-init[950]: Your public key has been saved in /etc/ssh/ssh_host_ed25519_key.pub.
[[0;32m  OK  [0m] Started ACPI event daemon.
         Starting LSB: Record successful boot for GRUB...
[   16.270224] cloud-init[950]: The key fingerprint is:
         Starting Pollinate to seed the pseudo random number generator...
[   16.325587] cloud-init[950]: SHA256:lfYJ/QWDiz0xhbRY8uEfqxucHf99HL0NZfJ+Zyyx1UA root@ubuntu-xenial
[   16.485006] cloud-init[950]: The key's randomart image is:
[   16.485251] cloud-init[950]: +--[ED25519 256]--+
[   16.485416] cloud-init[950]: |          ..+++  |
[   16.485630] cloud-init[950]: |           O=oEo |
[   16.485791] cloud-init[950]: |          *o==. .|
[   16.486098] cloud-init[950]: |         o.o++o+o|
[   16.486203] cloud-init[950]: |        S   o.=*o|
[   16.486293] cloud-init[950]: |           . +o+=|
[   16.486375] cloud-init[950]: |            = .O=|
[   16.486459] cloud-init[950]: |             oo.%|
[[0;32m  OK  [0m] Started D-Bus System Message Bus.
[   16.490612] cloud-init[950]: |            .  o*|
         Starting Apply the settings specified in cloud-config...
         Starting /etc/rc.local Compatibility...
         Starting LSB: MD monitoring daemon...
[[0;32m  OK  [0m] Started FUSE filesystem for LXC.
[[0;32m  OK  [0m] Started Unattended Upgrades Shutdown.
         Starting Accounts Service...
         Starting Login Service...
[[0;32m  OK  [0m] Started Deferred execution scheduler.
[[0;32m  OK  [0m] Started Regular background program processing daemon.
[   16.603656] cloud-init[950]: +----[SHA256]-----+
         Starting Auto import assertions from block devices...
[[0;32m  OK  [0m] Started System Logging Service.
[[0;32m  OK  [0m] Started LXD - container startup/shutdown.
[[0;32m  OK  [0m] Started Pollinate to seed the pseudo random number generator.
[[0;32m  OK  [0m] Started /etc/rc.local Compatibility.
[[0;32m  OK  [0m] Started Auto import assertions from block devices.
[   17.176387] cloud-init[1125]: Generating locales (this might take a while)...
[[0;32m  OK  [0m] Started Login to default iSCSI targets.
[[0;32m  OK  [0m] Started LSB: Record successful boot for GRUB.
[[0;32m  OK  [0m] Started LSB: MD monitoring daemon.
         Starting Authenticate and Authorize Users to Run Privileged Tasks...
[[0;32m  OK  [0m] Reached target Remote File Systems (Pre).
[[0;32m  OK  [0m] Reached target Remote File Systems.
         Starting LSB: VirtualBox Linux Additions...
         Starting Permit User Sessions...
         Starting LSB: daemon to balance interrupts for SMP systems...
         Starting LSB: Set the CPU Frequency Scaling governor to "ondemand"...
         Starting LSB: automatic crash report generation...
[   18.201275] cloud-init[1125]:   en_US.UTF-8... done
         Starting OpenBSD Secure Shell server...
[[0;32m  OK  [0m] Started OpenBSD Secure Shell server.
[[0;32m  OK  [0m] Started Permit User Sessions.
[[0;32m  OK  [0m[   18.217621] cloud-init[1125]: Generation complete.
] Started Login Service.
[[0;32m  OK  [0m] Started Authenticate and Authorize Users to Run Privileged Tasks.
[[0;32m  OK  [0m] Started Accounts Service.
         Starting Terminate Plymouth Boot Screen...
         Starting Hold until boot process finishes up...
[[0;32m  OK  [0m] Started LSB: VirtualBox Linux Additions.
[[0;32m  OK  [0m] Started LSB: daemon to balance interrupts for SMP systems.
[[0;32m  OK  [0m] Started LSB: Set the CPU Frequency Scaling governor to "ondemand".
[[0;32m  OK  [0m] Started LSB: automatic crash report generation.
[[0;32m  OK  [0m] Started Terminate Plymouth Boot Screen.
[[0;32m  OK  [0m] Started Hold until boot process finishes up.
         Stopping OpenBSD Secure Shell server...
[[0;32m  OK  [0m] Started Serial Getty on ttyS0.
[[0;32m  OK  [0m] Started Getty on tty1.
[[0;32m  OK  [0m] Reached target Login Prompts.
         Starting Set console scheme...
[[0;32m  OK  [0m] Stopped OpenBSD Secure Shell server.
[[0;32m  OK  [0m] Started Set console scheme.
         Starting OpenBSD Secure Shell server...
[[0;32m  OK  [0m] Started OpenBSD Secure Shell server.
[[0;32m  OK  [0m] Reached target Multi-User System.
[[0;32m  OK  [0m] Reached target Graphical Interface.
         Starting Update UTMP about System Runlevel Changes...
[[0;32m  OK  [0m] Created slice User Slice of ubuntu.
[[0;32m  OK  [0m] Started Update UTMP about System Runlevel Changes.
         Starting User Manager for UID 1000...
[[0;32m  OK  [0m] Started User Manager for UID 1000.
[   19.009428] cloud-init[1125]: Cloud-init v. 0.7.9 running 'modules:config' at Sun, 14 May 2017 14:32:40 +0000. Up 17.06 seconds.
[[0;32m  OK  [0m] Started Apply the settings specified in cloud-config.
[[0;32m  OK  [0m] Started Session 1 of user ubuntu.
         Starting Execute cloud user/final scripts...
ci-info: no authorized ssh keys fingerprints found for user ubuntu.
<14>May 14 14:32:43 ec2: 
<14>May 14 14:32:43 ec2: #############################################################
<14>May 14 14:32:43 ec2: -----BEGIN SSH HOST KEY FINGERPRINTS-----
<14>May 14 14:32:43 ec2: 1024 SHA256:BR5es/4pEFL5KvEE8hIrTh6462VpUWfEtZX5OAeTD3c root@ubuntu-xenial (DSA)
<14>May 14 14:32:43 ec2: 256 SHA256:cURRa6vJmIA3gcGXkk/LeCeUAySmDsY1y5Sq0m9wxHE root@ubuntu-xenial (ECDSA)
<14>May 14 14:32:43 ec2: 256 SHA256:lfYJ/QWDiz0xhbRY8uEfqxucHf99HL0NZfJ+Zyyx1UA root@ubuntu-xenial (ED25519)
<14>May 14 14:32:43 ec2: 2048 SHA256:wsRI/GxXLJoR64Y6zPii477ZEdttf3cvwo7M7NbrEsQ root@ubuntu-xenial (RSA)
<14>May 14 14:32:43 ec2: -----END SSH HOST KEY FINGERPRINTS-----
<14>May 14 14:32:43 ec2: #############################################################
-----BEGIN SSH HOST KEY KEYS-----
ecdsa-sha2-nistp256 AAAAE2VjZHNhLXNoYTItbmlzdHAyNTYAAAAIbmlzdHAyNTYAAABBBFvMDdIw043sX4ckE4GH3qBgIDn7uArBhH8aoS+059CBX8iPD/S3kWf75mv12XF51cbY05Y8xJxh+sp3BWLVqTU= root@ubuntu-xenial
ssh-ed25519 AAAAC3NzaC1lZDI1NTE5AAAAIPz8Yv4120wCuNY1k6gYdF5cYeodur1oSwTvDdbNyOb/ root@ubuntu-xenial
ssh-rsa AAAAB3NzaC1yc2EAAAADAQABAAABAQDEETGXRPSjrvi6czIA+eJq2IME7CDTLn6w7RkTFGiL6VP6kmmLScOgOvHEKs6piNKlQBHZSWF2SF21d+1wijiBmkWahMqlwARB+wvMlzPx2S6LagnxyaitRSN3mKBoUU5h9CbMhqhyRMHXGJLi9Af6VELe1DJfjq2PoH0I2BgmYil3oFPnHSw5r11G1rMe6jCbqWjRZJT59iLv348Hsoe2PTx+eGLJ907PkSnfCNnT+AKA/Hu/7Ud6c/rUR1UBWY3p7f1VnWMXlrAotUXnK+alqw3JG++38fTG1o80UNJmiVTR74UQ7gzZtaC/04J420W6f+xLo9eMLaV/eb/1Nx89 root@ubuntu-xenial
-----END SSH HOST KEY KEYS-----
[   20.228314] cloud-init[1349]: Cloud-init v. 0.7.9 running 'modules:final' at Sun, 14 May 2017 14:32:43 +0000. Up 19.51 seconds.
[   20.513740] cloud-init[1349]: ci-info: no authorized ssh keys fingerprints found for user ubuntu.
[[0;32m  OK  [0m] Started Execute cloud user/final scripts.
[   20.515388] cloud-init[1349]: Cloud-init v. 0.7.9 finished at Sun, 14 May 2017 14:32:43 +0000. Datasource DataSourceNoCloud [seed=/dev/sdb][dsmode=net].  Up 20.21 seconds
[[0;32m  OK  [0m] Reached target Cloud-init target.

Ubuntu 16.04.2 LTS ubuntu-xenial ttyS0

ubuntu-xenial login: 